0 info it worked if it ends with ok
1 verbose cli [ '/home/james/.nvm/versions/node/v6.2.1/bin/node',
1 verbose cli   '/home/james/.nvm/versions/node/v6.2.1/bin/npm',
1 verbose cli   'run',
1 verbose cli   'dev' ]
2 info using npm@3.9.3
3 info using node@v6.2.1
4 verbose run-script [ 'predev', 'dev', 'postdev' ]
5 info lifecycle vue-hackernews@1.0.0~predev: vue-hackernews@1.0.0
6 silly lifecycle vue-hackernews@1.0.0~predev: no script for predev, continuing
7 info lifecycle vue-hackernews@1.0.0~dev: vue-hackernews@1.0.0
8 verbose lifecycle vue-hackernews@1.0.0~dev: unsafe-perm in lifecycle true
9 verbose lifecycle vue-hackernews@1.0.0~dev: PATH: /home/james/.nvm/versions/node/v6.2.1/lib/node_modules/npm/bin/node-gyp-bin:/home/james/git/vue-hackernews/node_modules/.bin:/home/james/.nvm/versions/node/v6.2.1/bin:/home/james/.nvm/versions/node/v6.2.1/bin:/usr/lib/jvm/java-8u5-sun/bin:/usr/local/sbin:/usr/local/bin:/usr/sbin:/usr/bin:/sbin:/bin:/usr/games:/usr/local/games
10 verbose lifecycle vue-hackernews@1.0.0~dev: CWD: /home/james/git/vue-hackernews
11 silly lifecycle vue-hackernews@1.0.0~dev: Args: [ '-c', 'webpack-dev-server --inline --hot --no-info' ]
12 silly lifecycle vue-hackernews@1.0.0~dev: Returned: code: 1  signal: null
13 info lifecycle vue-hackernews@1.0.0~dev: Failed to exec dev script
14 verbose stack Error: vue-hackernews@1.0.0 dev: `webpack-dev-server --inline --hot --no-info`
14 verbose stack Exit status 1
14 verbose stack     at EventEmitter.<anonymous> (/home/james/.nvm/versions/node/v6.2.1/lib/node_modules/npm/lib/utils/lifecycle.js:245:16)
14 verbose stack     at emitTwo (events.js:106:13)
14 verbose stack     at EventEmitter.emit (events.js:191:7)
14 verbose stack     at ChildProcess.<anonymous> (/home/james/.nvm/versions/node/v6.2.1/lib/node_modules/npm/lib/utils/spawn.js:24:14)
14 verbose stack     at emitTwo (events.js:106:13)
14 verbose stack     at ChildProcess.emit (events.js:191:7)
14 verbose stack     at maybeClose (internal/child_process.js:852:16)
14 verbose stack     at Process.ChildProcess._handle.onexit (internal/child_process.js:215:5)
15 verbose pkgid vue-hackernews@1.0.0
16 verbose cwd /home/james/git/vue-hackernews
17 error Linux 3.13.0-85-generic
18 error argv "/home/james/.nvm/versions/node/v6.2.1/bin/node" "/home/james/.nvm/versions/node/v6.2.1/bin/npm" "run" "dev"
19 error node v6.2.1
20 error npm  v3.9.3
21 error code ELIFECYCLE
22 error vue-hackernews@1.0.0 dev: `webpack-dev-server --inline --hot --no-info`
22 error Exit status 1
23 error Failed at the vue-hackernews@1.0.0 dev script 'webpack-dev-server --inline --hot --no-info'.
23 error Make sure you have the latest version of node.js and npm installed.
23 error If you do, this is most likely a problem with the vue-hackernews package,
23 error not with npm itself.
23 error Tell the author that this fails on your system:
23 error     webpack-dev-server --inline --hot --no-info
23 error You can get information on how to open an issue for this project with:
23 error     npm bugs vue-hackernews
23 error Or if that isn't available, you can get their info via:
23 error     npm owner ls vue-hackernews
23 error There is likely additional logging output above.
24 verbose exit [ 1, true ]
